<?xml version="1.0" encoding="UTF-8"?>
<robot generator="Robot 5.0.1 (Python 3.7.0 on win32)" generated="20221017 11:51:39.083" rpa="false" schemaversion="3">
<suite id="s1" name="WalkinRequest" source="C:\Users\GiriganV\PycharmProjects\CRSITP2\Tests\WalkinRequest.robot">
<test id="s1-t1" name="FileUpload" line="352">
<kw name="Last Name" library="FakerLibrary">
<var>${HLastName}</var>
<msg timestamp="20221017 11:51:40.484" level="INFO">${HLastName} = Roy</msg>
<status status="PASS" starttime="20221017 11:51:40.483" endtime="20221017 11:51:40.484"/>
</kw>
<kw name="First Name" library="FakerLibrary">
<var>${HFirstname}</var>
<msg timestamp="20221017 11:51:40.485" level="INFO">${HFirstname} = Erin</msg>
<status status="PASS" starttime="20221017 11:51:40.484" endtime="20221017 11:51:40.485"/>
</kw>
<kw name="Last Name" library="FakerLibrary">
<var>${WlastName}</var>
<msg timestamp="20221017 11:51:40.485" level="INFO">${WlastName} = Boone</msg>
<status status="PASS" starttime="20221017 11:51:40.485" endtime="20221017 11:51:40.485"/>
</kw>
<kw name="First Name" library="FakerLibrary">
<var>${WfirstName}</var>
<msg timestamp="20221017 11:51:40.486" level="INFO">${WfirstName} = Lisa</msg>
<status status="PASS" starttime="20221017 11:51:40.485" endtime="20221017 11:51:40.486"/>
</kw>
<kw name="Last Name" library="FakerLibrary">
<var>${Reqlname}</var>
<msg timestamp="20221017 11:51:40.487" level="INFO">${Reqlname} = Kemp</msg>
<status status="PASS" starttime="20221017 11:51:40.486" endtime="20221017 11:51:40.487"/>
</kw>
<kw name="First Name" library="FakerLibrary">
<var>${Reqfname}</var>
<msg timestamp="20221017 11:51:40.487" level="INFO">${Reqfname} = Kathleen</msg>
<status status="PASS" starttime="20221017 11:51:40.487" endtime="20221017 11:51:40.488"/>
</kw>
<kw name="Address" library="FakerLibrary">
<var>${Address}</var>
<doc>:example: '791 Crist Parks, Sashabury, IL 86039-9874'</doc>
<msg timestamp="20221017 11:51:40.488" level="INFO">${Address} = USS Nash
FPO AP 77953</msg>
<status status="PASS" starttime="20221017 11:51:40.488" endtime="20221017 11:51:40.488"/>
</kw>
<kw name="Open Counter" library="ITP2KeyWords">
<doc>This keyword opens the counter of CRS application</doc>
<kw name="Open Browser" library="SeleniumLibrary">
<arg>${url_qa}</arg>
<arg>${browser}</arg>
<doc>Opens a new browser instance to the given ``url``.</doc>
<msg timestamp="20221017 11:51:40.490" level="INFO">Opening browser 'chrome' to base url 'http://ustr-erl2-3644.na.uis.unisys.com:9205/?ActiveWkstUserDetails=SU4tR0lSSUdBTlY='.</msg>
<status status="PASS" starttime="20221017 11:51:40.489" endtime="20221017 11:52:55.668"/>
</kw>
<kw name="Maximize Browser Window" library="SeleniumLibrary">
<doc>Maximizes current browser window.</doc>
<status status="PASS" starttime="20221017 11:52:55.668" endtime="20221017 11:52:55.801"/>
</kw>
<kw name="Click Button" library="SeleniumLibrary">
<arg>${open_button}</arg>
<doc>Clicks button identified by ``locator``.</doc>
<msg timestamp="20221017 11:52:55.802" level="INFO">Clicking button 'css=#ToggleSlider[type='checkbox']'.</msg>
<status status="PASS" starttime="20221017 11:52:55.802" endtime="20221017 11:52:57.232"/>
</kw>
<kw name="Wait Until Element Is Visible" library="SeleniumLibrary">
<arg>${close_success_button}</arg>
<doc>Waits until element ``locator`` is visible.</doc>
<status status="PASS" starttime="20221017 11:52:57.233" endtime="20221017 11:52:57.529"/>
</kw>
<kw name="Sleep" library="BuiltIn">
<arg>2</arg>
<doc>Pauses the test executed for the given time.</doc>
<msg timestamp="20221017 11:52:59.535" level="INFO">Slept 2 seconds</msg>
<status status="PASS" starttime="20221017 11:52:57.529" endtime="20221017 11:52:59.536"/>
</kw>
<kw name="Click Button" library="SeleniumLibrary">
<arg>${close_success_button}</arg>
<doc>Clicks button identified by ``locator``.</doc>
<msg timestamp="20221017 11:52:59.537" level="INFO">Clicking button 'id=AlertSuccessCloseBtn'.</msg>
<status status="PASS" starttime="20221017 11:52:59.536" endtime="20221017 11:52:59.639"/>
</kw>
<kw name="Sleep" library="BuiltIn">
<arg>2</arg>
<doc>Pauses the test executed for the given time.</doc>
<msg timestamp="20221017 11:53:01.649" level="INFO">Slept 2 seconds</msg>
<status status="PASS" starttime="20221017 11:52:59.640" endtime="20221017 11:53:01.649"/>
</kw>
<kw name="Execute Javascript" library="SeleniumLibrary">
<arg>document.body.style.zoom="90%"</arg>
<doc>Executes the given JavaScript code with possible arguments.</doc>
<msg timestamp="20221017 11:53:01.650" level="INFO">Executing JavaScript:
document.body.style.zoom="90%"
Without any arguments.</msg>
<status status="PASS" starttime="20221017 11:53:01.649" endtime="20221017 11:53:01.658"/>
</kw>
<kw name="Click Link" library="SeleniumLibrary">
<arg>${application_home}</arg>
<doc>Clicks a link identified by ``locator``.</doc>
<msg timestamp="20221017 11:53:01.659" level="INFO">Clicking link 'xpath=//a[@id='dashboard']'.</msg>
<status status="PASS" starttime="20221017 11:53:01.658" endtime="20221017 11:53:03.575"/>
</kw>
<status status="PASS" starttime="20221017 11:51:40.489" endtime="20221017 11:53:03.576"/>
</kw>
<kw name="ClientCertificateRequestWA" library="ITP2KeyWords">
<kw name="Click Link" library="SeleniumLibrary">
<arg>Xpath://a[@id='101']</arg>
<doc>Clicks a link identified by ``locator``.</doc>
<msg timestamp="20221017 11:53:03.578" level="INFO">Clicking link 'Xpath://a[@id='101']'.</msg>
<status status="PASS" starttime="20221017 11:53:03.577" endtime="20221017 11:53:03.795"/>
</kw>
<status status="PASS" starttime="20221017 11:53:03.576" endtime="20221017 11:53:03.796"/>
</kw>
<kw name="Click Link" library="SeleniumLibrary">
<arg>//a[text()='Walk-in Request Entry']</arg>
<doc>Clicks a link identified by ``locator``.</doc>
<msg timestamp="20221017 11:53:03.798" level="INFO">Clicking link '//a[text()='Walk-in Request Entry']'.</msg>
<status status="PASS" starttime="20221017 11:53:03.797" endtime="20221017 11:53:16.453"/>
</kw>
<kw name="Select From List By Value" library="SeleniumLibrary">
<arg>${Transaction_Type}</arg>
<arg>AU-M</arg>
<doc>Selects options from selection list ``locator`` by ``values``.</doc>
<msg timestamp="20221017 11:53:16.454" level="INFO">Selecting options from selection list '//select[@id='WalkInTransactiontype']' by value AU-M.</msg>
<status status="PASS" starttime="20221017 11:53:16.454" endtime="20221017 11:53:16.753"/>
</kw>
<kw name="Sleep" library="BuiltIn">
<arg>3</arg>
<doc>Pauses the test executed for the given time.</doc>
<msg timestamp="20221017 11:53:19.755" level="INFO">Slept 3 seconds</msg>
<status status="PASS" starttime="20221017 11:53:16.754" endtime="20221017 11:53:19.755"/>
</kw>
<kw name="Input Text" library="SeleniumLibrary">
<arg>${No0f_C}</arg>
<arg>1</arg>
<doc>Types the given ``text`` into text field identified by ``locator``.</doc>
<msg timestamp="20221017 11:53:19.757" level="INFO">Typing text '1' into text field '//input[@id='txtMRenReN']//preceding::input[1]'.</msg>
<status status="PASS" starttime="20221017 11:53:19.756" endtime="20221017 11:53:19.876"/>
</kw>
<kw name="Input Text" library="SeleniumLibrary">
<arg>${HLN}</arg>
<arg>${HLastName}</arg>
<doc>Types the given ``text`` into text field identified by ``locator``.</doc>
<msg timestamp="20221017 11:53:19.877" level="INFO">Typing text 'Roy' into text field '//input[@id='txtMrgPriLastName']'.</msg>
<status status="PASS" starttime="20221017 11:53:19.877" endtime="20221017 11:53:20.010"/>
</kw>
<kw name="Sleep" library="BuiltIn">
<arg>2</arg>
<doc>Pauses the test executed for the given time.</doc>
<msg timestamp="20221017 11:53:22.022" level="INFO">Slept 2 seconds</msg>
<status status="PASS" starttime="20221017 11:53:20.010" endtime="20221017 11:53:22.022"/>
</kw>
<kw name="Input Text" library="SeleniumLibrary">
<arg>${HFN}</arg>
<arg>${HFirstname}</arg>
<doc>Types the given ``text`` into text field identified by ``locator``.</doc>
<msg timestamp="20221017 11:53:22.024" level="INFO">Typing text 'Erin' into text field '//input[@id='txtMrgPriFirstName']'.</msg>
<status status="PASS" starttime="20221017 11:53:22.023" endtime="20221017 11:53:22.114"/>
</kw>
<kw name="Sleep" library="BuiltIn">
<arg>2</arg>
<doc>Pauses the test executed for the given time.</doc>
<msg timestamp="20221017 11:53:24.127" level="INFO">Slept 2 seconds</msg>
<status status="PASS" starttime="20221017 11:53:22.114" endtime="20221017 11:53:24.127"/>
</kw>
<kw name="Input Text" library="SeleniumLibrary">
<arg>${WLN}</arg>
<arg>${WlastName}</arg>
<doc>Types the given ``text`` into text field identified by ``locator``.</doc>
<msg timestamp="20221017 11:53:24.128" level="INFO">Typing text 'Boone' into text field '//input[@id='txtMrgSecLastName']'.</msg>
<status status="PASS" starttime="20221017 11:53:24.127" endtime="20221017 11:53:24.222"/>
</kw>
<kw name="Input Text" library="SeleniumLibrary">
<arg>${WFN}</arg>
<arg>${WfirstName}</arg>
<doc>Types the given ``text`` into text field identified by ``locator``.</doc>
<msg timestamp="20221017 11:53:24.222" level="INFO">Typing text 'Lisa' into text field '//input[@id='txtMrgSecFirstName']'.</msg>
<status status="PASS" starttime="20221017 11:53:24.222" endtime="20221017 11:53:24.314"/>
</kw>
<kw name="Select From List By Value" library="SeleniumLibrary">
<arg>${M_month}</arg>
<arg>01</arg>
<doc>Selects options from selection list ``locator`` by ``values``.</doc>
<msg timestamp="20221017 11:53:24.314" level="INFO">Selecting options from selection list '//select[@id='mrgMonth']' by value 01.</msg>
<status status="PASS" starttime="20221017 11:53:24.314" endtime="20221017 11:53:24.385"/>
</kw>
<kw name="Input Text" library="SeleniumLibrary">
<arg>${M_Date}</arg>
<arg>01</arg>
<doc>Types the given ``text`` into text field identified by ``locator``.</doc>
<msg timestamp="20221017 11:53:24.386" level="INFO">Typing text '01' into text field '//input[@id='mrgDate']'.</msg>
<status status="PASS" starttime="20221017 11:53:24.385" endtime="20221017 11:53:24.496"/>
</kw>
<kw name="Input Text" library="SeleniumLibrary">
<arg>${M_year}</arg>
<arg>2018</arg>
<doc>Types the given ``text`` into text field identified by ``locator``.</doc>
<msg timestamp="20221017 11:53:24.496" level="INFO">Typing text '2018' into text field '//input[@id='mrgYear']'.</msg>
<status status="PASS" starttime="20221017 11:53:24.496" endtime="20221017 11:53:24.620"/>
</kw>
<kw name="Execute Javascript" library="SeleniumLibrary">
<arg>window.scrollTo(0,500)</arg>
<doc>Executes the given JavaScript code with possible arguments.</doc>
<msg timestamp="20221017 11:53:24.621" level="INFO">Executing JavaScript:
window.scrollTo(0,500)
Without any arguments.</msg>
<status status="PASS" starttime="20221017 11:53:24.620" endtime="20221017 11:53:24.626"/>
</kw>
<kw name="Select From List By Value" library="SeleniumLibrary">
<arg>${M_Province}</arg>
<arg>001</arg>
<doc>Selects options from selection list ``locator`` by ``values``.</doc>
<msg timestamp="20221017 11:53:24.628" level="INFO">Selecting options from selection list '//select[@id='marriageProvince']' by value 001.</msg>
<status status="PASS" starttime="20221017 11:53:24.627" endtime="20221017 11:53:24.771"/>
</kw>
<kw name="Select From List By Value" library="SeleniumLibrary">
<arg>${M_City}</arg>
<arg>00101</arg>
<doc>Selects options from selection list ``locator`` by ``values``.</doc>
<msg timestamp="20221017 11:53:24.772" level="INFO">Selecting options from selection list '//select[@id='marriageCity']' by value 00101.</msg>
<status status="PASS" starttime="20221017 11:53:24.771" endtime="20221017 11:53:24.876"/>
</kw>
<kw name="Sleep" library="BuiltIn">
<arg>3s</arg>
<doc>Pauses the test executed for the given time.</doc>
<msg timestamp="20221017 11:53:27.881" level="INFO">Slept 3 seconds</msg>
<status status="PASS" starttime="20221017 11:53:24.876" endtime="20221017 11:53:27.881"/>
</kw>
<kw name="Select From List By Value" library="SeleniumLibrary">
<arg>xpath://select[@id='cmbMarriageRequestPurpose']</arg>
<arg>CL</arg>
<doc>Selects options from selection list ``locator`` by ``values``.</doc>
<msg timestamp="20221017 11:53:27.881" level="INFO">Selecting options from selection list 'xpath://select[@id='cmbMarriageRequestPurpose']' by value CL.</msg>
<status status="PASS" starttime="20221017 11:53:27.881" endtime="20221017 11:53:27.979"/>
</kw>
<kw name="Wait Until Keyword Succeeds" library="BuiltIn">
<arg>1min</arg>
<arg>5 sec</arg>
<arg>Wait Until Element Is Visible</arg>
<arg>//button[@id='marriage-AddImageBtn']</arg>
<doc>Runs the specified keyword and retries if it fails.</doc>
<kw name="Wait Until Element Is Visible" library="SeleniumLibrary">
<arg>//button[@id='marriage-AddImageBtn']</arg>
<doc>Waits until element ``locator`` is visible.</doc>
<status status="PASS" starttime="20221017 11:53:27.980" endtime="20221017 11:53:28.008"/>
</kw>
<status status="PASS" starttime="20221017 11:53:27.979" endtime="20221017 11:53:28.008"/>
</kw>
<kw name="Wait Until Keyword Succeeds" library="BuiltIn">
<arg>1min</arg>
<arg>5 sec</arg>
<arg>Click Element</arg>
<arg>//button[@id='marriage-AddImageBtn']</arg>
<doc>Runs the specified keyword and retries if it fails.</doc>
<kw name="Click Element" library="SeleniumLibrary">
<arg>//button[@id='marriage-AddImageBtn']</arg>
<doc>Click element identified by ``locator``.</doc>
<msg timestamp="20221017 11:53:28.010" level="INFO">Clicking element '//button[@id='marriage-AddImageBtn']'.</msg>
<status status="PASS" starttime="20221017 11:53:28.009" endtime="20221017 11:53:28.089"/>
</kw>
<status status="PASS" starttime="20221017 11:53:28.009" endtime="20221017 11:53:28.090"/>
</kw>
<kw name="Sleep" library="BuiltIn">
<arg>5s</arg>
<doc>Pauses the test executed for the given time.</doc>
<msg timestamp="20221017 11:53:33.094" level="INFO">Slept 5 seconds</msg>
<status status="PASS" starttime="20221017 11:53:28.090" endtime="20221017 11:53:33.095"/>
</kw>
<kw name="File Upload" library="ITP2KeyWords">
<arg>C://Users//GiriganV//Documents//Tiff_Files//uploadingfile.exe</arg>
<arg>${files}</arg>
<kw name="Upload File" library="upload">
<arg>${path}</arg>
<arg>${file}</arg>
<msg timestamp="20221017 11:53:41.453" level="INFO">C://Users//GiriganV//Documents//Tiff_Files//uploadingfile.exe C:UsersGiriganVPycharmProjectsCRSITP2FilesTiff_FilesPage-2.tiff</msg>
<status status="PASS" starttime="20221017 11:53:33.098" endtime="20221017 11:53:41.454"/>
</kw>
<status status="PASS" starttime="20221017 11:53:33.095" endtime="20221017 11:53:41.454"/>
</kw>
<kw name="Sleep" library="BuiltIn">
<arg>10sec</arg>
<doc>Pauses the test executed for the given time.</doc>
<msg timestamp="20221017 11:53:51.468" level="INFO">Slept 10 seconds</msg>
<status status="PASS" starttime="20221017 11:53:41.455" endtime="20221017 11:53:51.469"/>
</kw>
<kw name="Click Button" library="SeleniumLibrary">
<arg>//button[@data-bind='click:marriageSaveClick']</arg>
<doc>Clicks button identified by ``locator``.</doc>
<msg timestamp="20221017 11:53:51.469" level="INFO">Clicking button '//button[@data-bind='click:marriageSaveClick']'.</msg>
<status status="PASS" starttime="20221017 11:53:51.469" endtime="20221017 11:53:55.563"/>
</kw>
<kw name="Sleep" library="BuiltIn">
<arg>5sec</arg>
<doc>Pauses the test executed for the given time.</doc>
<msg timestamp="20221017 11:54:00.570" level="INFO">Slept 5 seconds</msg>
<status status="PASS" starttime="20221017 11:53:55.564" endtime="20221017 11:54:00.570"/>
</kw>
<kw name="Input Text" library="SeleniumLibrary">
<arg>${Req_ln}</arg>
<arg>${Reqlname}</arg>
<doc>Types the given ``text`` into text field identified by ``locator``.</doc>
<msg timestamp="20221017 11:54:00.570" level="INFO">Typing text 'Kemp' into text field '//input[@id='txtReqLastName']'.</msg>
<status status="PASS" starttime="20221017 11:54:00.570" endtime="20221017 11:54:00.728"/>
</kw>
<kw name="Input Text" library="SeleniumLibrary">
<arg>${Req_fn}</arg>
<arg>${Reqfname}</arg>
<doc>Types the given ``text`` into text field identified by ``locator``.</doc>
<msg timestamp="20221017 11:54:00.729" level="INFO">Typing text 'Kathleen' into text field '//input[@id='txtReqFirstName']'.</msg>
<status status="PASS" starttime="20221017 11:54:00.728" endtime="20221017 11:54:00.818"/>
</kw>
<kw name="Input Text" library="SeleniumLibrary">
<arg>${Req_ad}</arg>
<arg>${Address}</arg>
<doc>Types the given ``text`` into text field identified by ``locator``.</doc>
<msg timestamp="20221017 11:54:00.819" level="INFO">Typing text 'USS Nash
FPO AP 77953' into text field '//input[@id='txtAddress']'.</msg>
<status status="PASS" starttime="20221017 11:54:00.819" endtime="20221017 11:54:00.919"/>
</kw>
<kw name="Select From List By Value" library="SeleniumLibrary">
<arg>${Req_country}</arg>
<arg>016</arg>
<doc>Selects options from selection list ``locator`` by ``values``.</doc>
<msg timestamp="20221017 11:54:00.919" level="INFO">Selecting options from selection list '//select[@id='cmbChildCountry']' by value 016.</msg>
<status status="PASS" starttime="20221017 11:54:00.919" endtime="20221017 11:54:00.977"/>
</kw>
<kw name="Sleep" library="BuiltIn">
<arg>5</arg>
<doc>Pauses the test executed for the given time.</doc>
<msg timestamp="20221017 11:54:05.986" level="INFO">Slept 5 seconds</msg>
<status status="PASS" starttime="20221017 11:54:00.977" endtime="20221017 11:54:05.986"/>
</kw>
<kw name="Scrollbar" library="ITP2KeyWords">
<kw name="Execute Javascript" library="SeleniumLibrary">
<arg>window.scrollTo(0,2000)</arg>
<doc>Executes the given JavaScript code with possible arguments.</doc>
<msg timestamp="20221017 11:54:05.990" level="INFO">Executing JavaScript:
window.scrollTo(0,2000)
Without any arguments.</msg>
<status status="PASS" starttime="20221017 11:54:05.988" endtime="20221017 11:54:05.995"/>
</kw>
<status status="PASS" starttime="20221017 11:54:05.987" endtime="20221017 11:54:05.995"/>
</kw>
<kw name="Sleep" library="BuiltIn">
<arg>10</arg>
<doc>Pauses the test executed for the given time.</doc>
<msg timestamp="20221017 11:54:16.004" level="INFO">Slept 10 seconds</msg>
<status status="PASS" starttime="20221017 11:54:05.995" endtime="20221017 11:54:16.004"/>
</kw>
<kw name="FinalSubmitButton" library="ITP2KeyWords">
<kw name="Click Button" library="SeleniumLibrary">
<arg>Xpath://button[@id='finalSubmitbtn' and text()='Submit']</arg>
<doc>Clicks button identified by ``locator``.</doc>
<msg timestamp="20221017 11:54:16.005" level="INFO">Clicking button 'Xpath://button[@id='finalSubmitbtn' and text()='Submit']'.</msg>
<status status="PASS" starttime="20221017 11:54:16.005" endtime="20221017 11:54:18.173"/>
</kw>
<status status="PASS" starttime="20221017 11:54:16.004" endtime="20221017 11:54:18.173"/>
</kw>
<kw name="Sleep" library="BuiltIn">
<arg>5sec</arg>
<doc>Pauses the test executed for the given time.</doc>
<msg timestamp="20221017 11:54:23.175" level="INFO">Slept 5 seconds</msg>
<status status="PASS" starttime="20221017 11:54:18.174" endtime="20221017 11:54:23.175"/>
</kw>
<kw name="Capture Page Screenshot" library="SeleniumLibrary">
<doc>Takes screenshot of the current page and embeds it into log file.</doc>
<msg timestamp="20221017 11:54:23.332" level="INFO" html="true">&lt;/td&gt;&lt;/tr&gt;&lt;tr&gt;&lt;td colspan="3"&gt;&lt;a href="selenium-screenshot-2.png"&gt;&lt;img src="selenium-screenshot-2.png" width="800px"&gt;&lt;/a&gt;</msg>
<status status="PASS" starttime="20221017 11:54:23.175" endtime="20221017 11:54:23.332"/>
</kw>
<doc>Walk-in Request Entry: Verify the End To End flow client request VO-Marriage</doc>
<status status="PASS" starttime="20221017 11:51:40.482" endtime="20221017 11:54:23.332"/>
</test>
<doc>Suite description</doc>
<status status="PASS" starttime="20221017 11:51:39.088" endtime="20221017 11:54:23.333"/>
</suite>
<statistics>
<total>
<stat pass="1" fail="0" skip="0">All Tests</stat>
</total>
<tag>
</tag>
<suite>
<stat pass="1" fail="0" skip="0" id="s1" name="WalkinRequest">WalkinRequest</stat>
</suite>
</statistics>
<errors>
</errors>
</robot>
