<?xml version="1.0" encoding="UTF-8"?>
<robot generator="Robot 5.0.1 (Python 3.7.0 on win32)" generated="20220822 15:26:50.606" rpa="false" schemaversion="3">
<suite id="s1" name="WalkinRequest" source="C:\Users\GiriganV\PycharmProjects\CRSITP2\Tests\WalkinRequest.robot">
<test id="s1-t1" name="AccessHomePage" line="15">
<kw name="Open Counter" library="ITP2KeyWords">
<doc>This keyword opens the counter of CRS application</doc>
<kw name="Open Browser" library="SeleniumLibrary">
<arg>${url_qa}</arg>
<arg>${browser}</arg>
<doc>Opens a new browser instance to the given ``url``.</doc>
<msg timestamp="20220822 15:26:51.962" level="INFO">Opening browser 'chrome' to base url 'http://ustr-erl2-3644.na.uis.unisys.com:9205/?ActiveWkstUserDetails=SU4tR0lSSUdBTlY='.</msg>
<status status="PASS" starttime="20220822 15:26:51.962" endtime="20220822 15:28:04.116"/>
</kw>
<kw name="Maximize Browser Window" library="SeleniumLibrary">
<doc>Maximizes current browser window.</doc>
<status status="PASS" starttime="20220822 15:28:04.117" endtime="20220822 15:28:04.250"/>
</kw>
<kw name="Click Button" library="SeleniumLibrary">
<arg>${Open_Button}</arg>
<doc>Clicks button identified by ``locator``.</doc>
<msg timestamp="20220822 15:28:04.250" level="INFO">Clicking button 'css=#ToggleSlider[type='checkbox']'.</msg>
<status status="PASS" starttime="20220822 15:28:04.250" endtime="20220822 15:28:05.688"/>
</kw>
<kw name="Wait Until Element Is Visible" library="SeleniumLibrary">
<arg>${Close_Success_Button}</arg>
<doc>Waits until element ``locator`` is visible.</doc>
<status status="PASS" starttime="20220822 15:28:05.689" endtime="20220822 15:28:05.969"/>
</kw>
<kw name="Sleep" library="BuiltIn">
<arg>2</arg>
<doc>Pauses the test executed for the given time.</doc>
<msg timestamp="20220822 15:28:07.983" level="INFO">Slept 2 seconds</msg>
<status status="PASS" starttime="20220822 15:28:05.969" endtime="20220822 15:28:07.983"/>
</kw>
<kw name="Click Button" library="SeleniumLibrary">
<arg>${Close_Success_Button}</arg>
<doc>Clicks button identified by ``locator``.</doc>
<msg timestamp="20220822 15:28:07.984" level="INFO">Clicking button 'id=AlertSuccessCloseBtn'.</msg>
<status status="PASS" starttime="20220822 15:28:07.983" endtime="20220822 15:28:08.065"/>
</kw>
<kw name="Sleep" library="BuiltIn">
<arg>2</arg>
<doc>Pauses the test executed for the given time.</doc>
<msg timestamp="20220822 15:28:10.077" level="INFO">Slept 2 seconds</msg>
<status status="PASS" starttime="20220822 15:28:08.066" endtime="20220822 15:28:10.077"/>
</kw>
<kw name="Execute Javascript" library="SeleniumLibrary">
<arg>document.body.style.zoom="90%"</arg>
<doc>Executes the given JavaScript code with possible arguments.</doc>
<msg timestamp="20220822 15:28:10.078" level="INFO">Executing JavaScript:
document.body.style.zoom="90%"
Without any arguments.</msg>
<status status="PASS" starttime="20220822 15:28:10.078" endtime="20220822 15:28:10.084"/>
</kw>
<kw name="Click Link" library="SeleniumLibrary">
<arg>${Application_Home}</arg>
<doc>Clicks a link identified by ``locator``.</doc>
<msg timestamp="20220822 15:28:10.085" level="INFO">Clicking link 'xpath=//a[@id='dashboard']'.</msg>
<status status="PASS" starttime="20220822 15:28:10.085" endtime="20220822 15:28:11.879"/>
</kw>
<status status="PASS" starttime="20220822 15:26:51.961" endtime="20220822 15:28:11.880"/>
</kw>
<doc>This test case opens the url and accesses the Home Page of CRS after opening the counter</doc>
<tag>Sanity1</tag>
<status status="PASS" starttime="20220822 15:26:51.959" endtime="20220822 15:28:11.881"/>
</test>
<doc>Suite description</doc>
<status status="PASS" starttime="20220822 15:26:50.610" endtime="20220822 15:28:11.883"/>
</suite>
<statistics>
<total>
<stat pass="1" fail="0" skip="0">All Tests</stat>
</total>
<tag>
<stat pass="1" fail="0" skip="0">Sanity1</stat>
</tag>
<suite>
<stat pass="1" fail="0" skip="0" id="s1" name="WalkinRequest">WalkinRequest</stat>
</suite>
</statistics>
<errors>
</errors>
</robot>
